2025-05-26T15:04:24.752+03:00  INFO 8668 --- [main] com.rymtsou.App                          : Starting App using Java 21.0.7 with PID 8668 (D:\java\blog-web-application\target\classes started by rimts in D:\java\blog-web-application)
2025-05-26T15:04:24.760+03:00  INFO 8668 --- [main] com.rymtsou.App                          : No active profile set, falling back to 1 default profile: "default"
2025-05-26T15:04:25.928+03:00  INFO 8668 --- [main] .s.d.r.c.RepositoryConfigurationDelegate : Bootstrapping Spring Data JPA repositories in DEFAULT mode.
2025-05-26T15:04:26.001+03:00  INFO 8668 --- [main] .s.d.r.c.RepositoryConfigurationDelegate : Finished Spring Data repository scanning in 65 ms. Found 5 JPA repository interfaces.
2025-05-26T15:04:26.831+03:00  INFO 8668 --- [main] o.s.b.w.embedded.tomcat.TomcatWebServer  : Tomcat initialized with port 8080 (http)
2025-05-26T15:04:26.848+03:00  INFO 8668 --- [main] o.apache.catalina.core.StandardService   : Starting service [Tomcat]
2025-05-26T15:04:26.849+03:00  INFO 8668 --- [main] o.apache.catalina.core.StandardEngine    : Starting Servlet engine: [Apache Tomcat/10.1.36]
2025-05-26T15:04:26.915+03:00  INFO 8668 --- [main] o.a.c.c.C.[Tomcat].[localhost].[/]       : Initializing Spring embedded WebApplicationContext
2025-05-26T15:04:26.916+03:00  INFO 8668 --- [main] w.s.c.ServletWebServerApplicationContext : Root WebApplicationContext: initialization completed in 2089 ms
2025-05-26T15:04:27.248+03:00  INFO 8668 --- [main] o.hibernate.jpa.internal.util.LogHelper  : HHH000204: Processing PersistenceUnitInfo [name: default]
2025-05-26T15:04:27.315+03:00  INFO 8668 --- [main] org.hibernate.Version                    : HHH000412: Hibernate ORM core version 6.6.8.Final
2025-05-26T15:04:27.373+03:00  INFO 8668 --- [main] o.h.c.internal.RegionFactoryInitiator    : HHH000026: Second-level cache disabled
2025-05-26T15:04:27.681+03:00  INFO 8668 --- [main] o.s.o.j.p.SpringPersistenceUnitInfo      : No LoadTimeWeaver setup: ignoring JPA class transformer
2025-05-26T15:04:27.713+03:00  INFO 8668 --- [main] com.zaxxer.hikari.HikariDataSource       : HikariPool-1 - Starting...
2025-05-26T15:04:28.062+03:00  INFO 8668 --- [main] com.zaxxer.hikari.pool.HikariPool        : HikariPool-1 - Added connection org.postgresql.jdbc.PgConnection@20b67366
2025-05-26T15:04:28.064+03:00  INFO 8668 --- [main] com.zaxxer.hikari.HikariDataSource       : HikariPool-1 - Start completed.
2025-05-26T15:04:28.172+03:00  INFO 8668 --- [main] org.hibernate.orm.connections.pooling    : HHH10001005: Database info:
	Database JDBC URL [Connecting through datasource 'HikariDataSource (HikariPool-1)']
	Database driver: undefined/unknown
	Database version: 17.4
	Autocommit mode: undefined/unknown
	Isolation level: undefined/unknown
	Minimum pool size: undefined/unknown
	Maximum pool size: undefined/unknown
2025-05-26T15:04:29.543+03:00  INFO 8668 --- [main] o.h.e.t.j.p.i.JtaPlatformInitiator       : HHH000489: No JTA platform available (set 'hibernate.transaction.jta.platform' to enable JTA platform integration)
2025-05-26T15:04:29.669+03:00  INFO 8668 --- [main] j.LocalContainerEntityManagerFactoryBean : Initialized JPA EntityManagerFactory for persistence unit 'default'
2025-05-26T15:04:30.433+03:00  WARN 8668 --- [main] JpaBaseConfiguration$JpaWebConfiguration : spring.jpa.open-in-view is enabled by default. Therefore, database queries may be performed during view rendering. Explicitly configure spring.jpa.open-in-view to disable this warning
2025-05-26T15:04:30.489+03:00  INFO 8668 --- [main] r$InitializeUserDetailsManagerConfigurer : Global AuthenticationManager configured with UserDetailsService bean with name customUserDetailService
2025-05-26T15:04:31.054+03:00  INFO 8668 --- [main] o.s.b.a.e.web.EndpointLinksResolver      : Exposing 6 endpoints beneath base path '/actuator'
2025-05-26T15:04:31.936+03:00  INFO 8668 --- [main] o.s.b.w.embedded.tomcat.TomcatWebServer  : Tomcat started on port 8080 (http) with context path '/'
2025-05-26T15:04:31.952+03:00  INFO 8668 --- [main] com.rymtsou.App                          : Started App in 7.676 seconds (process running for 8.527)
2025-05-26T15:04:32.341+03:00  INFO 8668 --- [RMI TCP Connection(4)-192.168.3.6] o.a.c.c.C.[Tomcat].[localhost].[/]       : Initializing Spring DispatcherServlet 'dispatcherServlet'
2025-05-26T15:04:32.343+03:00  INFO 8668 --- [RMI TCP Connection(4)-192.168.3.6] o.s.web.servlet.DispatcherServlet        : Initializing Servlet 'dispatcherServlet'
2025-05-26T15:04:32.345+03:00  INFO 8668 --- [RMI TCP Connection(4)-192.168.3.6] o.s.web.servlet.DispatcherServlet        : Completed initialization in 2 ms
2025-05-26T15:05:16.342+03:00  INFO 8668 --- [http-nio-8080-exec-3] com.rymtsou.security.JwtFilter           : Authenticated user: adam
2025-05-26T15:05:16.374+03:00  INFO 8668 --- [http-nio-8080-exec-3] com.rymtsou.security.JwtFilter           : Authenticated user: adam
2025-05-26T15:05:36.147+03:00  INFO 8668 --- [http-nio-8080-exec-6] com.rymtsou.security.JwtFilter           : Authenticated user: admin
2025-05-26T15:05:36.195+03:00  INFO 8668 --- [http-nio-8080-exec-6] com.rymtsou.security.JwtFilter           : Authenticated user: admin
2025-05-26T15:05:46.524+03:00  INFO 8668 --- [SpringApplicationShutdownHook] o.s.b.w.e.tomcat.GracefulShutdown        : Commencing graceful shutdown. Waiting for active requests to complete
2025-05-26T15:05:46.546+03:00  INFO 8668 --- [tomcat-shutdown] o.s.b.w.e.tomcat.GracefulShutdown        : Graceful shutdown complete
2025-05-26T15:05:46.559+03:00  INFO 8668 --- [SpringApplicationShutdownHook] j.LocalContainerEntityManagerFactoryBean : Closing JPA EntityManagerFactory for persistence unit 'default'
2025-05-26T15:05:46.562+03:00  INFO 8668 --- [SpringApplicationShutdownHook] com.zaxxer.hikari.HikariDataSource       : HikariPool-1 - Shutdown initiated...
2025-05-26T15:05:46.569+03:00  INFO 8668 --- [SpringApplicationShutdownHook] com.zaxxer.hikari.HikariDataSource       : HikariPool-1 - Shutdown completed.
